============================================================================================ test session starts ============================================================================================
platform linux -- Python 3.7.2, pytest-3.6.2, py-1.7.0, pluggy-0.6.0
rootdir: /home/kennylo/PycharmProjects/DAX/dax_imgserv, inifile:
plugins: cov-2.5.1, session2file-0.1.9, forked-0.2, xdist-1.20.1, flake8-1.0.4, remotedata-0.3.1, openfiles-0.3.2, doctestplus-0.3.0, arraydiff-0.3

collecting 0 items                                                                                                                                                                                          
collecting 2 items                                                                                                                                                                                          
collecting 2 items                                                                                                                                                                                          
collected 2 items                                                                                                                                                                                           

test_metadata_fits.py .s                                                                                                                                                                              [100%]

==================================================================================== 1 passed, 1 skipped in 0.46 seconds ====================================================================================
